<?xml version="1.0" encoding="UTF-8"?>
<testsuite xmlns:xsi="http://www.w3.org/2001/XMLSchema-instance" xsi:noNamespaceSchemaLocation="https://maven.apache.org/surefire/maven-surefire-plugin/xsd/surefire-test-report-3.0.xsd" version="3.0" name="com.snhu.sslserver.SslServerApplicationTests" time="2.868" tests="1" errors="0" skipped="0" failures="0">
  <properties>
[...]
</properties>
  <testcase name="contextLoads" classname="com.snhu.sslserver.SslServerApplicationTests" time="0.759">
    <system-out><![CDATA[23:13:25.780 [main] INFO org.springframework.test.context.support.AnnotationConfigContextLoaderUtils -- Could not detect default configuration classes for test class [com.snhu.sslserver.SslServerApplicationTests]: SslServerApplicationTests does not declare any static, non-private, non-final, nested classes annotated with @Configuration.
23:13:25.870 [main] INFO org.springframework.boot.test.context.SpringBootTestContextBootstrapper -- Found @SpringBootConfiguration com.snhu.sslserver.SslServerApplication for test class com.snhu.sslserver.SslServerApplicationTests

  .   ____          _            __ _ _
 /\\ / ___'_ __ _ _(_)_ __  __ _ \ \ \ \
( ( )\___ | '_ | '_| | '_ \/ _` | \ \ \ \
 \\/  ___)| |_)| | | | | || (_| |  ) ) ) )
  '  |____| .__|_| |_|_| |_\__, | / / / /
 =========|_|==============|___/=/_/_/_/

 :: Spring Boot ::                (v3.3.1)

2024-06-23T23:13:26.241-05:00  INFO 2272 --- [           main] c.s.sslserver.SslServerApplicationTests  : Starting SslServerApplicationTests using Java 17.0.10 with PID 2272 (started by asiam in C:\Users\asiam\OneDrive\Documents\College\CS 305\Module 7\ssl-server_student)
2024-06-23T23:13:26.243-05:00  INFO 2272 --- [           main] c.s.sslserver.SslServerApplicationTests  : No active profile set, falling back to 1 default profile: "default"
2024-06-23T23:13:27.737-05:00  INFO 2272 --- [           main] c.s.sslserver.SslServerApplicationTests  : Started SslServerApplicationTests in 1.693 seconds (process running for 2.548)
]]></system-out>
  </testcase>
</testsuite>